2024-10-23 10:36:13,364 - INFO - Successfully connected to MySQL database
2024-10-23 10:36:35,160 - INFO - Successfully connected to MySQL database
2024-10-23 10:36:42,586 - INFO - Successfully saved stock details for AAPL
2024-10-23 10:36:42,610 - INFO - Successfully updated profit statistics
2024-10-23 10:36:42,628 - INFO - Successfully connected to MySQL database
2024-10-23 11:18:57,665 - INFO - Successfully connected to MySQL database
2024-10-23 11:19:05,517 - INFO - Successfully connected to MySQL database
2024-10-23 11:19:12,097 - INFO - Successfully saved stock details for AAPL
2024-10-23 11:19:12,107 - INFO - Successfully updated profit statistics
2024-10-23 11:19:12,124 - INFO - Successfully connected to MySQL database
2024-10-23 11:20:11,611 - INFO - Successfully connected to MySQL database
2024-10-23 11:21:45,856 - INFO - Successfully connected to MySQL database
2024-10-23 11:21:54,657 - INFO - Successfully connected to MySQL database
2024-10-23 11:21:55,565 - INFO - Successfully saved stock details for AAPL
2024-10-23 11:21:55,574 - INFO - Successfully updated profit statistics
2024-10-23 11:21:55,575 - INFO - Successfully connected to MySQL database
2024-10-23 11:24:25,051 - INFO - Successfully connected to MySQL database
2024-10-23 11:24:40,757 - INFO - Successfully connected to MySQL database
2024-10-23 11:24:41,916 - INFO - Successfully saved stock details for AMZN
2024-10-23 11:24:41,921 - INFO - Successfully updated profit statistics
2024-10-23 11:24:41,921 - INFO - Successfully connected to MySQL database
2024-10-23 11:38:12,038 - INFO - Successfully connected to MySQL database
2024-10-23 11:38:28,868 - INFO - Successfully connected to MySQL database
2024-10-23 11:38:30,250 - INFO - Successfully saved stock details for GOOGL
2024-10-23 11:38:30,281 - INFO - Successfully updated profit statistics
2024-10-23 11:38:30,290 - INFO - Successfully connected to MySQL database
2024-10-23 11:53:25,886 - INFO - Successfully connected to MySQL database
2024-10-23 11:53:56,400 - INFO - Successfully connected to MySQL database
2024-10-23 11:54:00,634 - INFO - Successfully saved stock details for NFLX
2024-10-23 11:54:00,645 - INFO - Successfully updated profit statistics
2024-10-23 11:54:00,664 - INFO - Successfully connected to MySQL database
2024-10-23 12:04:01,470 - INFO - Successfully connected to MySQL database
2024-10-23 12:04:27,827 - INFO - Successfully connected to MySQL database
2024-10-23 12:04:35,927 - INFO - Successfully saved stock details for GOOGL
2024-10-23 12:04:35,937 - INFO - Successfully updated profit statistics
2024-10-23 12:04:35,955 - INFO - Successfully connected to MySQL database
2024-10-25 17:21:18,753 - INFO - Successfully connected to MySQL database
2024-10-25 17:21:31,144 - INFO - Successfully connected to MySQL database
2024-10-25 17:21:37,220 - INFO - Successfully saved stock details for AAPL
2024-10-25 17:21:37,236 - INFO - Successfully updated profit statistics
2024-10-25 17:21:37,246 - INFO - Successfully connected to MySQL database
2024-10-25 17:25:50,136 - INFO - Successfully connected to MySQL database
2024-10-25 17:26:06,913 - INFO - Successfully connected to MySQL database
2024-10-25 17:26:07,953 - INFO - Successfully saved stock details for GOOGL
2024-10-25 17:26:07,963 - INFO - Successfully updated profit statistics
2024-10-25 17:26:07,971 - INFO - Successfully connected to MySQL database
2024-10-25 17:36:55,229 - INFO - Successfully connected to MySQL database
2024-10-25 17:48:37,054 - INFO - Successfully connected to MySQL database
2024-10-25 17:48:42,639 - INFO - Successfully connected to MySQL database
2024-10-25 17:48:43,752 - INFO - Successfully saved stock details for AAPL
2024-10-25 17:48:43,770 - INFO - Successfully updated profit statistics
2024-10-25 17:48:43,787 - INFO - Successfully connected to MySQL database
2024-10-25 17:51:02,622 - INFO - Successfully connected to MySQL database
2024-10-25 17:51:08,357 - INFO - Successfully connected to MySQL database
2024-10-25 17:51:09,393 - INFO - Successfully saved stock details for AAPL
2024-10-25 17:51:09,411 - INFO - Successfully updated profit statistics
2024-10-25 17:51:09,421 - INFO - Successfully connected to MySQL database
2024-10-31 17:39:41,204 - INFO - Successfully connected to MySQL database
2024-10-31 17:39:55,042 - INFO - Successfully connected to MySQL database
2024-10-31 17:39:59,825 - INFO - Successfully saved stock details for AAPL
2024-10-31 17:39:59,859 - INFO - Successfully updated profit statistics
2024-10-31 17:39:59,874 - INFO - Successfully connected to MySQL database
